<?xml version="1.0" encoding="UTF-8"?>
<!-- Generated by org.testng.reporters.JUnitReportReporter -->
<testsuite hostname="vaibhav" failures="0" tests="5" name="testng_practise.Class_002groups" time="0.012" errors="0" timestamp="13 Jul 2024 11:31:13 GMT" skipped="0">
  <testcase classname="testng_practise.Class_002groups" name="b" time="0.001"/>
  <testcase classname="testng_practise.Class_002groups" name="e" time="0.000"/>
  <testcase classname="testng_practise.Class_002groups" name="c" time="0.001"/>
  <testcase classname="testng_practise.Class_002groups" name="a" time="0.009"/>
  <testcase classname="testng_practise.Class_002groups" name="d" time="0.001"/>
</testsuite> <!-- testng_practise.Class_002groups -->
