<?xml version="1.0" encoding="UTF-8"?>
<!-- Generated by org.testng.reporters.JUnitReportReporter -->
<testsuite hostname="vaibhav" failures="0" tests="8" name="testng.Class_009RailyatriSite" time="25.722" errors="0" timestamp="18 Jun 2024 03:15:30 GMT" skipped="0">
  <testcase classname="testng.Class_009RailyatriSite" name="from_City" time="0.731"/>
  <testcase classname="testng.Class_009RailyatriSite" name="to_city" time="0.556"/>
  <testcase classname="testng.Class_009RailyatriSite" name="calender" time="6.344"/>
  <testcase classname="testng.Class_009RailyatriSite" name="search_button" time="5.033"/>
  <testcase classname="testng.Class_009RailyatriSite" name="book_now" time="3.089"/>
  <testcase classname="testng.Class_009RailyatriSite" name="user_details" time="2.601"/>
  <testcase classname="testng.Class_009RailyatriSite" name="irctc_details" time="0.059"/>
  <testcase classname="testng.Class_009RailyatriSite" name="contact_details" time="7.309"/>
</testsuite> <!-- testng.Class_009RailyatriSite -->
