<?xml version="1.0" encoding="UTF-8"?>
<!-- Generated by org.testng.reporters.JUnitReportReporter -->
<testsuite hostname="vaibhav" failures="0" tests="3" name="testng.Amazon_url" time="9.508" errors="0" timestamp="26 Jun 2024 08:12:26 GMT" skipped="0">
  <testcase classname="testng.Amazon_url" name="verify_mousehover1_fresh_link" time="3.190"/>
  <testcase classname="testng.Amazon_url" name="verify_mousehover2_hello_signin_link" time="3.181"/>
  <testcase classname="testng.Amazon_url" name="verify_mousehover3_EN_link" time="3.137"/>
</testsuite> <!-- testng.Amazon_url -->
