<?xml version="1.0" encoding="UTF-8"?>
<!-- Generated by org.testng.reporters.JUnitReportReporter -->
<testsuite hostname="vaibhav" failures="0" tests="1" name="testNG_ExtentReports_Practise.Class_007Extentreport_withDynamiccode" time="0.286" errors="0" timestamp="28 Jun 2024 05:29:00 GMT" skipped="0">
  <testcase classname="testNG_ExtentReports_Practise.Class_007Extentreport_withDynamiccode" name="verify_email_textbox" time="0.286"/>
</testsuite> <!-- testNG_ExtentReports_Practise.Class_007Extentreport_withDynamiccode -->
