<?xml version="1.0" encoding="UTF-8"?>
<!-- Generated by org.testng.reporters.JUnitReportReporter -->
<testsuite hostname="vaibhav" failures="0" tests="3" name="testng_practise.Listener_execution_amazonurl" time="6.462" errors="0" timestamp="28 Jun 2024 07:21:30 GMT" skipped="0">
  <testcase classname="testng_practise.Listener_execution_amazonurl" name="verify_mousehover_fashion_link" time="2.169"/>
  <testcase classname="testng_practise.Listener_execution_amazonurl" name="verify_mousehover_electronics_link" time="2.140"/>
  <testcase classname="testng_practise.Listener_execution_amazonurl" name="verify_mousehover_jewellery_link" time="2.153"/>
</testsuite> <!-- testng_practise.Listener_execution_amazonurl -->
