<?xml version="1.0" encoding="UTF-8"?>
<!-- Generated by org.testng.reporters.JUnitReportReporter -->
<testsuite hostname="vaibhav" failures="0" tests="6" name="testng.Class_007_dependsonmethods" time="0.015" errors="0" timestamp="26 Jun 2024 11:36:40 GMT" skipped="0">
  <testcase classname="testng.Class_007_dependsonmethods" name="c" time="0.001"/>
  <testcase classname="testng.Class_007_dependsonmethods" name="e" time="0.000"/>
  <testcase classname="testng.Class_007_dependsonmethods" name="a" time="0.009"/>
  <testcase classname="testng.Class_007_dependsonmethods" name="f" time="0.002"/>
  <testcase classname="testng.Class_007_dependsonmethods" name="b" time="0.001"/>
  <testcase classname="testng.Class_007_dependsonmethods" name="d" time="0.002"/>
</testsuite> <!-- testng.Class_007_dependsonmethods -->
