<?xml version="1.0" encoding="UTF-8"?>
<!-- Generated by org.testng.reporters.JUnitReportReporter -->
<testsuite hostname="vaibhav" failures="0" tests="3" name="testNG_extent_reports.Class_002CreateMultipleTest" time="5.115" errors="0" timestamp="20 Jun 2024 19:33:59 GMT" skipped="0">
  <testcase classname="testNG_extent_reports.Class_002CreateMultipleTest" name="create_ExtentReport" time="0.333"/>
  <testcase classname="testNG_extent_reports.Class_002CreateMultipleTest" name="verify_emailtextbox" time="2.396"/>
  <testcase classname="testNG_extent_reports.Class_002CreateMultipleTest" name="verify_passwordtextbox" time="2.386"/>
</testsuite> <!-- testNG_extent_reports.Class_002CreateMultipleTest -->
