<?xml version="1.0" encoding="UTF-8"?>
<!-- Generated by org.testng.reporters.JUnitReportReporter -->
<testsuite hostname="vaibhav" failures="0" tests="1" name="testng_practise.Class_003ExtentReport" time="4.555" errors="0" timestamp="13 Jul 2024 11:43:29 GMT" skipped="0">
  <testcase classname="testng_practise.Class_003ExtentReport" name="create_extentreport" time="4.555"/>
</testsuite> <!-- testng_practise.Class_003ExtentReport -->
