<?xml version="1.0" encoding="UTF-8"?>
<!-- Generated by org.testng.reporters.JUnitReportReporter -->
<testsuite hostname="vaibhav" failures="0" tests="1" name="testNG_extent_reports.Class_001" time="4.260" errors="0" timestamp="20 Jun 2024 11:43:02 GMT" skipped="0">
  <testcase classname="testNG_extent_reports.Class_001" name="create_Extent_report" time="4.260"/>
</testsuite> <!-- testNG_extent_reports.Class_001 -->
