<?xml version="1.0" encoding="UTF-8"?>
<!-- Generated by org.testng.reporters.JUnitReportReporter -->
<testsuite hostname="vaibhav" failures="0" tests="2" name="testng.Class_006Enabled" time="0.009" errors="0" timestamp="20 Jun 2024 16:32:36 GMT" skipped="1">
  <testcase classname="testng.Class_006Enabled" name="b" time="0.009"/>
  <testcase classname="testng.Class_006Enabled" name="a">
    <skipped/>
  </testcase> <!-- a -->
</testsuite> <!-- testng.Class_006Enabled -->
