<?xml version="1.0" encoding="UTF-8"?>
<!-- Generated by org.testng.reporters.JUnitReportReporter -->
<testsuite hostname="vaibhav" failures="0" tests="3" name="testng.Class_13MeshoUrl" time="6.514" errors="0" timestamp="21 Jun 2024 14:58:54 GMT" skipped="0">
  <testcase classname="testng.Class_13MeshoUrl" name="verify_functionality1" time="2.210"/>
  <testcase classname="testng.Class_13MeshoUrl" name="verify_functionality2" time="2.141"/>
  <testcase classname="testng.Class_13MeshoUrl" name="verify_functionality3" time="2.163"/>
</testsuite> <!-- testng.Class_13MeshoUrl -->
