<?xml version="1.0" encoding="UTF-8"?>
<!-- Generated by org.testng.reporters.JUnitReportReporter -->
<testsuite hostname="vaibhav" failures="0" tests="4" name="testng.Class_007Dependsonmethod" time="0.015" errors="0" timestamp="12 Jul 2024 14:01:53 GMT" skipped="0">
  <testcase classname="testng.Class_007Dependsonmethod" name="function" time="0.002"/>
  <testcase classname="testng.Class_007Dependsonmethod" name="function_verify" time="0.012"/>
  <testcase classname="testng.Class_007Dependsonmethod" name="print" time="0.001"/>
  <testcase classname="testng.Class_007Dependsonmethod" name="verify" time="0.000"/>
</testsuite> <!-- testng.Class_007Dependsonmethod -->
