<?xml version="1.0" encoding="UTF-8"?>
<!-- Generated by org.testng.reporters.JUnitReportReporter -->
<testsuite hostname="vaibhav" failures="0" tests="1" name="testNG_ExtentReports_Practise.Class_005" time="20.546" errors="0" timestamp="26 Jun 2024 12:41:15 GMT" skipped="0">
  <testcase classname="testNG_ExtentReports_Practise.Class_005" name="create_extent_report" time="20.546"/>
</testsuite> <!-- testNG_ExtentReports_Practise.Class_005 -->
