<?xml version="1.0" encoding="UTF-8"?>
<!-- Generated by org.testng.reporters.JUnitReportReporter -->
<testsuite hostname="vaibhav" failures="0" tests="1" name="testNG_ExtentReports_Practise.Class_002" time="7.068" errors="0" timestamp="21 Jun 2024 07:29:13 GMT" skipped="0">
  <testcase classname="testNG_ExtentReports_Practise.Class_002" name="create_Extentreport" time="7.068"/>
</testsuite> <!-- testNG_ExtentReports_Practise.Class_002 -->
