<?xml version="1.0" encoding="UTF-8"?>
<!-- Generated by org.testng.reporters.JUnitReportReporter -->
<testsuite hostname="vaibhav" failures="0" tests="2" name="testng_practise.Class_002ExtentReport" time="4.676" errors="0" timestamp="29 Jun 2024 16:40:52 GMT" skipped="0">
  <testcase classname="testng_practise.Class_002ExtentReport" name="verify_password" time="2.306"/>
  <testcase classname="testng_practise.Class_002ExtentReport" name="verify_email" time="2.370"/>
</testsuite> <!-- testng_practise.Class_002ExtentReport -->
