<?xml version="1.0" encoding="UTF-8"?>
<!-- Generated by org.testng.reporters.JUnitReportReporter -->
<testsuite hostname="vaibhav" failures="0" tests="5" name="testng.Class_008Group" time="0.013" errors="0" timestamp="20 Jun 2024 16:37:04 GMT" skipped="0">
  <testcase classname="testng.Class_008Group" name="d" time="0.000"/>
  <testcase classname="testng.Class_008Group" name="a" time="0.008"/>
  <testcase classname="testng.Class_008Group" name="c" time="0.002"/>
  <testcase classname="testng.Class_008Group" name="e" time="0.001"/>
  <testcase classname="testng.Class_008Group" name="b" time="0.002"/>
</testsuite> <!-- testng.Class_008Group -->
