<?xml version="1.0" encoding="UTF-8"?>
<!-- Generated by org.testng.reporters.JUnitReportReporter -->
<testsuite hostname="vaibhav" failures="0" tests="2" name="testng.Class_002Afterannotations" time="0.010" errors="0" timestamp="20 Jun 2024 16:29:18 GMT" skipped="0">
  <testcase classname="testng.Class_002Afterannotations" name="text1" time="0.006"/>
  <testcase classname="testng.Class_002Afterannotations" name="text2" time="0.004"/>
</testsuite> <!-- testng.Class_002Afterannotations -->
