<?xml version="1.0" encoding="UTF-8"?>
<!-- Generated by org.testng.reporters.JUnitReportReporter -->
<testsuite hostname="vaibhav" failures="0" tests="3" name="testng_practise.Class_001groups" time="0.012" errors="0" timestamp="29 Jun 2024 14:01:31 GMT" skipped="0">
  <testcase classname="testng_practise.Class_001groups" name="b" time="0.000"/>
  <testcase classname="testng_practise.Class_001groups" name="c" time="0.001"/>
  <testcase classname="testng_practise.Class_001groups" name="a" time="0.011"/>
</testsuite> <!-- testng_practise.Class_001groups -->
