<?xml version="1.0" encoding="UTF-8"?>
<!-- Generated by org.testng.reporters.JUnitReportReporter -->
<testsuite hostname="vaibhav" failures="0" tests="3" name="testNG_ExtentReports_Practise.Class_006Create_MultipleTest" time="6.736" errors="0" timestamp="26 Jun 2024 13:29:08 GMT" skipped="0">
  <testcase classname="testNG_ExtentReports_Practise.Class_006Create_MultipleTest" name="create_ExtentReport" time="0.215"/>
  <testcase classname="testNG_ExtentReports_Practise.Class_006Create_MultipleTest" name="verify_emailtextbox" time="3.261"/>
  <testcase classname="testNG_ExtentReports_Practise.Class_006Create_MultipleTest" name="verify_passwordtextbox" time="3.260"/>
</testsuite> <!-- testNG_ExtentReports_Practise.Class_006Create_MultipleTest -->
