<?xml version="1.0" encoding="UTF-8"?>
<!-- Generated by org.testng.reporters.JUnitReportReporter -->
<testsuite hostname="vaibhav" failures="0" tests="3" name="testng_practise.ListenersExecution_naukariurl" time="6.511" errors="0" timestamp="13 Jul 2024 13:17:11 GMT" skipped="0">
  <testcase classname="testng_practise.ListenersExecution_naukariurl" name="verify_link_job" time="2.178"/>
  <testcase classname="testng_practise.ListenersExecution_naukariurl" name="verify_link_companies" time="2.173"/>
  <testcase classname="testng_practise.ListenersExecution_naukariurl" name="verify_link_services" time="2.160"/>
</testsuite> <!-- testng_practise.ListenersExecution_naukariurl -->
