<?xml version="1.0" encoding="UTF-8"?>
<!-- Generated by org.testng.reporters.JUnitReportReporter -->
<testsuite hostname="vaibhav" failures="0" tests="1" name="testng.Class_11Selectoption_dropdown" time="0.317" errors="0" timestamp="19 Jun 2024 08:05:05 GMT" skipped="0">
  <testcase classname="testng.Class_11Selectoption_dropdown" name="select_dropdown_option" time="0.317"/>
</testsuite> <!-- testng.Class_11Selectoption_dropdown -->
