<?xml version="1.0" encoding="UTF-8"?>
<!-- Generated by org.testng.reporters.JUnitReportReporter -->
<testsuite hostname="vaibhav" failures="0" tests="1" name="testng.Class_11Selectoption_dropdown_JeevansathiUrl" time="2.280" errors="0" timestamp="20 Jun 2024 16:51:31 GMT" skipped="0">
  <testcase classname="testng.Class_11Selectoption_dropdown_JeevansathiUrl" name="select_dropdown_option" time="2.280"/>
</testsuite> <!-- testng.Class_11Selectoption_dropdown_JeevansathiUrl -->
