<?xml version="1.0" encoding="UTF-8"?>
<!-- Generated by org.testng.reporters.JUnitReportReporter -->
<testsuite hostname="vaibhav" failures="0" tests="2" name="page_objectmodel_practise.Execution_Page" time="4.037" errors="0" timestamp="13 Jul 2024 16:45:16 GMT" skipped="0">
  <testcase classname="page_objectmodel_practise.Execution_Page" name="verify_user_signin" time="1.128"/>
  <testcase classname="page_objectmodel_practise.Execution_Page" name="verify_user_credentials" time="2.909"/>
</testsuite> <!-- page_objectmodel_practise.Execution_Page -->
