<?xml version="1.0" encoding="UTF-8"?>
<!-- Generated by org.testng.reporters.JUnitReportReporter -->
<testsuite hostname="vaibhav" failures="0" tests="3" name="testNG_ExtentReports_Practise.Class_003_CreateMultipleTest" time="5.211" errors="0" timestamp="26 Jun 2024 13:25:08 GMT" skipped="0">
  <testcase classname="testNG_ExtentReports_Practise.Class_003_CreateMultipleTest" name="create_ExtentReport" time="0.220"/>
  <testcase classname="testNG_ExtentReports_Practise.Class_003_CreateMultipleTest" name="verify_emailtextbox" time="2.590"/>
  <testcase classname="testNG_ExtentReports_Practise.Class_003_CreateMultipleTest" name="verify_passwordtextbox" time="2.401"/>
</testsuite> <!-- testNG_ExtentReports_Practise.Class_003_CreateMultipleTest -->
