<?xml version="1.0" encoding="UTF-8"?>
<!-- Generated by org.testng.reporters.JUnitReportReporter -->
<testsuite hostname="vaibhav" failures="0" tests="1" name="properties_file.P_001" time="2.932" errors="0" timestamp="30 Jun 2024 17:11:41 GMT" skipped="0">
  <testcase classname="properties_file.P_001" name="f" time="2.932"/>
</testsuite> <!-- properties_file.P_001 -->
