<?xml version="1.0" encoding="UTF-8"?>
<!-- Generated by org.testng.reporters.JUnitReportReporter -->
<testsuite hostname="vaibhav" failures="0" tests="2" name="testng.Class_001BeforeAnnotations" time="0.009" errors="0" timestamp="25 Jun 2024 10:15:00 GMT" skipped="0">
  <testcase classname="testng.Class_001BeforeAnnotations" name="f" time="0.007"/>
  <testcase classname="testng.Class_001BeforeAnnotations" name="g" time="0.002"/>
</testsuite> <!-- testng.Class_001BeforeAnnotations -->
