<?xml version="1.0" encoding="UTF-8"?>
<!-- Generated by org.testng.reporters.JUnitReportReporter -->
<testsuite hostname="vaibhav" failures="0" tests="3" name="testng_practise.Listener_Execution_reliancedigital" time="6.787" errors="0" timestamp="29 Jun 2024 17:27:54 GMT" skipped="0">
  <testcase classname="testng_practise.Listener_Execution_reliancedigital" name="verify_mousehover_mobileandtablets" time="2.472"/>
  <testcase classname="testng_practise.Listener_Execution_reliancedigital" name="verify_mousehover_audio" time="2.154"/>
  <testcase classname="testng_practise.Listener_Execution_reliancedigital" name="verify_mousehover_cameras" time="2.161"/>
</testsuite> <!-- testng_practise.Listener_Execution_reliancedigital -->
