<?xml version="1.0" encoding="UTF-8"?>
<!-- Generated by org.testng.reporters.JUnitReportReporter -->
<testsuite hostname="vaibhav" failures="0" tests="2" name="pageobjectmodel.Execution_page" time="9.424" errors="0" timestamp="29 Jun 2024 06:04:23 GMT" skipped="0">
  <testcase classname="pageobjectmodel.Execution_page" name="verify_user_signin" time="1.253"/>
  <testcase classname="pageobjectmodel.Execution_page" name="verify_user_accountdetails" time="8.171"/>
</testsuite> <!-- pageobjectmodel.Execution_page -->
