<?xml version="1.0" encoding="UTF-8"?>
<!-- Generated by org.testng.reporters.JUnitReportReporter -->
<testsuite hostname="vaibhav" failures="0" tests="2" name="testng.Class_005Description" time="0.011" errors="0" timestamp="20 Jun 2024 16:31:09 GMT" skipped="0">
  <testcase classname="testng.Class_005Description" name="verify_login" time="0.010"/>
  <testcase classname="testng.Class_005Description" name="verify_login" time="0.001"/>
</testsuite> <!-- testng.Class_005Description -->
