<?xml version="1.0" encoding="UTF-8"?>
<!-- Generated by org.testng.reporters.JUnitReportReporter -->
<testsuite hostname="vaibhav" failures="0" tests="1" name="testNG_extent_reports.Class_003ExtentReport_with_Dynamiccode" time="0.381" errors="0" timestamp="21 Jun 2024 06:48:45 GMT" skipped="0">
  <testcase classname="testNG_extent_reports.Class_003ExtentReport_with_Dynamiccode" name="create_Extentreport" time="0.381"/>
</testsuite> <!-- testNG_extent_reports.Class_003ExtentReport_with_Dynamiccode -->
