<?xml version="1.0" encoding="UTF-8"?>
<!-- Generated by org.testng.reporters.JUnitReportReporter -->
<testsuite hostname="vaibhav" failures="0" tests="1" name="testNG_practiseXML.Class_002" time="2.856" errors="0" timestamp="19 Jun 2024 18:07:09 GMT" skipped="0">
  <testcase classname="testNG_practiseXML.Class_002" name="verify" time="2.856"/>
</testsuite> <!-- testNG_practiseXML.Class_002 -->
