<?xml version="1.0" encoding="UTF-8"?>
<!-- Generated by org.testng.reporters.JUnitReportReporter -->
<testsuite hostname="vaibhav" failures="0" tests="1" name="testNG_practiseXML.Class_001" time="2.588" errors="0" timestamp="19 Jun 2024 18:07:09 GMT" skipped="0">
  <testcase classname="testNG_practiseXML.Class_001" name="print" time="2.588"/>
</testsuite> <!-- testNG_practiseXML.Class_001 -->
