<?xml version="1.0" encoding="UTF-8"?>
<!-- Generated by org.testng.reporters.JUnitReportReporter -->
<testsuite hostname="vaibhav" failures="0" tests="1" name="testNG_practiseXML.Class_003" time="3.415" errors="0" timestamp="19 Jun 2024 18:07:09 GMT" skipped="0">
  <testcase classname="testNG_practiseXML.Class_003" name="function" time="3.415"/>
</testsuite> <!-- testNG_practiseXML.Class_003 -->
