<?xml version="1.0" encoding="UTF-8"?>
<!-- Generated by org.testng.reporters.JUnitReportReporter -->
<testsuite hostname="vaibhav" failures="0" tests="2" name="testNG_ExtentReports_Practise.Class_004ExtentReport_with_dynamiccode" time="4.931" errors="0" timestamp="21 Jun 2024 08:20:20 GMT" skipped="0">
  <testcase classname="testNG_ExtentReports_Practise.Class_004ExtentReport_with_dynamiccode" name="verify_emailtextbox" time="2.573"/>
  <testcase classname="testNG_ExtentReports_Practise.Class_004ExtentReport_with_dynamiccode" name="verify_passwordtextbox" time="2.358"/>
</testsuite> <!-- testNG_ExtentReports_Practise.Class_004ExtentReport_with_dynamiccode -->
