<?xml version="1.0" encoding="UTF-8"?>
<!-- Generated by org.testng.reporters.JUnitReportReporter -->
<testsuite hostname="vaibhav" failures="0" tests="1" name="testNG_ExtentReports_Practise.Class_001" time="6.624" errors="0" timestamp="20 Jun 2024 18:37:08 GMT" skipped="0">
  <testcase classname="testNG_ExtentReports_Practise.Class_001" name="create_ExtentReport" time="6.624"/>
</testsuite> <!-- testNG_ExtentReports_Practise.Class_001 -->
