<?xml version="1.0" encoding="UTF-8"?>
<!-- Generated by org.testng.reporters.JUnitReportReporter -->
<testsuite hostname="vaibhav" failures="0" tests="1" name="testng.Class_12Shaadi_url" time="4.107" errors="0" timestamp="19 Jun 2024 18:17:02 GMT" skipped="0">
  <testcase classname="testng.Class_12Shaadi_url" name="verify_looking_dropdwon" time="4.107"/>
</testsuite> <!-- testng.Class_12Shaadi_url -->
