<?xml version="1.0" encoding="UTF-8"?>
<!-- Generated by org.testng.reporters.JUnitReportReporter -->
<testsuite hostname="vaibhav" failures="0" tests="3" name="testng.Class_004Invocation_count" time="0.010" errors="0" timestamp="20 Jun 2024 16:30:28 GMT" skipped="0">
  <testcase classname="testng.Class_004Invocation_count" name="f" time="0.009"/>
  <testcase classname="testng.Class_004Invocation_count" name="f" time="0.001"/>
  <testcase classname="testng.Class_004Invocation_count" name="f" time="0.000"/>
</testsuite> <!-- testng.Class_004Invocation_count -->
