<?xml version="1.0" encoding="UTF-8"?>
<!-- Generated by org.testng.reporters.JUnitReportReporter -->
<testsuite hostname="vaibhav" failures="0" tests="4" name="testng.Class_003Priority" time="0.013" errors="0" timestamp="20 Jun 2024 16:30:00 GMT" skipped="0">
  <testcase classname="testng.Class_003Priority" name="c" time="0.010"/>
  <testcase classname="testng.Class_003Priority" name="a" time="0.001"/>
  <testcase classname="testng.Class_003Priority" name="b" time="0.001"/>
  <testcase classname="testng.Class_003Priority" name="d" time="0.001"/>
</testsuite> <!-- testng.Class_003Priority -->
