<?xml version="1.0" encoding="UTF-8"?>
<!-- Generated by org.testng.reporters.JUnitReportReporter -->
<testsuite hostname="vaibhav" failures="0" tests="2" name="testng_practise.Class_005ExtentReportUsing_Dynamiccode" time="0.567" errors="0" timestamp="13 Jul 2024 12:34:32 GMT" skipped="0">
  <testcase classname="testng_practise.Class_005ExtentReportUsing_Dynamiccode" name="verify_emailtextbox_functionality" time="0.308"/>
  <testcase classname="testng_practise.Class_005ExtentReportUsing_Dynamiccode" name="verify_passwordtextbox_functionality" time="0.259"/>
</testsuite> <!-- testng_practise.Class_005ExtentReportUsing_Dynamiccode -->
