<?xml version="1.0" encoding="UTF-8"?>
<!-- Generated by org.testng.reporters.JUnitReportReporter -->
<testsuite hostname="vaibhav" failures="0" tests="1" name="testng.Class_10Parent_child_window" time="3.317" errors="0" timestamp="19 Jun 2024 18:00:54 GMT" skipped="0">
  <testcase classname="testng.Class_10Parent_child_window" name="switch_parent_to_child_window" time="3.317"/>
</testsuite> <!-- testng.Class_10Parent_child_window -->
