<?xml version="1.0" encoding="UTF-8"?>
<!-- Generated by org.testng.reporters.JUnitReportReporter -->
<testsuite hostname="vaibhav" failures="0" tests="2" name="testng.Listeners_Execution" time="0.011" errors="0" timestamp="28 Jun 2024 06:33:32 GMT" skipped="0">
  <testcase classname="testng.Listeners_Execution" name="g" time="0.001"/>
  <testcase classname="testng.Listeners_Execution" name="f" time="0.010"/>
</testsuite> <!-- testng.Listeners_Execution -->
