<?xml version="1.0" encoding="UTF-8"?>
<!-- Generated by org.testng.reporters.JUnitReportReporter -->
<testsuite hostname="vaibhav" failures="0" tests="3" name="testng_practise.Class_004ExtentReport_multipleTestMethods" time="4.522" errors="0" timestamp="13 Jul 2024 12:21:39 GMT" skipped="0">
  <testcase classname="testng_practise.Class_004ExtentReport_multipleTestMethods" name="create_extentreport" time="0.259"/>
  <testcase classname="testng_practise.Class_004ExtentReport_multipleTestMethods" name="verify_emailtextbox" time="2.160"/>
  <testcase classname="testng_practise.Class_004ExtentReport_multipleTestMethods" name="verify_passwordtextbox" time="2.103"/>
</testsuite> <!-- testng_practise.Class_004ExtentReport_multipleTestMethods -->
